<?xml version="1.0" encoding="UTF-8"?>
<coverage generated="1768657942180" clover="3.2.0">
  <project timestamp="1768657942181" name="All files">
    <metrics statements="7" coveredstatements="7" conditionals="3" coveredconditionals="3" methods="1" coveredmethods="1" elements="11" coveredelements="11" complexity="0" loc="7" ncloc="7" packages="1" files="1" classes="1"/>
    <file name="SvgMap.js" path="C:\Users\Admin\Desktop\recorder\OC-PATHFINDER\components\SvgMap.js">
      <metrics statements="7" coveredstatements="7" conditionals="3" coveredconditionals="3" methods="1" coveredmethods="1"/>
      <line num="6" count="1" type="stmt"/>
      <line num="10" count="1" type="cond" truecount="1" falsecount="0"/>
      <line num="11" count="2" type="stmt"/>
      <line num="13" count="2" type="cond" truecount="2" falsecount="0"/>
      <line num="14" count="1" type="stmt"/>
      <line num="17" count="1" type="stmt"/>
      <line num="19" count="1" type="stmt"/>
    </file>
  </project>
</coverage>
